TN:
SF:3kyu/RailFenceCipher.js
FN:21,encodeRailFenceCipher
FN:46,decodeRailFenceCipher
FNF:2
FNH:2
FNDA:6,encodeRailFenceCipher
FNDA:6,decodeRailFenceCipher
DA:1,1
DA:2,1
DA:3,1
DA:4,1
DA:5,1
DA:6,1
DA:7,1
DA:8,1
DA:9,1
DA:10,1
DA:11,1
DA:12,1
DA:13,1
DA:14,1
DA:15,1
DA:16,1
DA:17,1
DA:18,1
DA:19,1
DA:20,1
DA:21,6
DA:22,6
DA:23,3
DA:24,3
DA:25,3
DA:26,6
DA:27,10
DA:28,10
DA:29,3
DA:30,51
DA:31,51
DA:32,11
DA:33,51
DA:34,14
DA:35,14
DA:36,51
DA:37,27
DA:38,51
DA:39,24
DA:40,24
DA:41,51
DA:42,3
DA:43,3
DA:44,3
DA:45,1
DA:46,6
DA:47,6
DA:48,3
DA:49,6
DA:50,10
DA:51,10
DA:52,3
DA:53,3
DA:54,3
DA:55,51
DA:56,51
DA:57,51
DA:58,22
DA:59,22
DA:60,51
DA:61,3
DA:62,6
DA:63,3
DA:64,3
DA:65,6
DA:66,10
DA:67,10
DA:68,10
DA:69,3
DA:70,3
DA:71,3
DA:72,6
DA:73,51
DA:74,51
DA:75,51
DA:76,22
DA:77,22
DA:78,51
DA:79,3
DA:80,3
DA:81,1
DA:82,1
LF:82
LH:82
BRDA:21,0,0,6
BRDA:22,1,0,4
BRDA:22,2,0,3
BRDA:26,3,0,10
BRDA:29,4,0,3
BRDA:29,5,0,51
BRDA:31,6,0,11
BRDA:33,7,0,40
BRDA:33,8,0,14
BRDA:36,9,0,27
BRDA:36,10,0,27
BRDA:38,11,0,24
BRDA:42,12,0,10
BRDA:46,13,0,6
BRDA:47,14,0,4
BRDA:47,15,0,3
BRDA:49,16,0,10
BRDA:52,17,0,3
BRDA:62,18,0,10
BRDA:62,19,0,3
BRDA:65,20,0,10
BRDA:66,21,0,51
BRDA:69,22,0,3
BRDA:72,23,0,51
BRDA:75,24,0,40
BRDA:75,25,0,22
BRDA:79,26,0,3
BRDA:54,27,0,51
BRDA:57,28,0,40
BRDA:57,29,0,22
BRF:30
BRH:30
end_of_record
TN:
SF:3kyu/ReverseArray.js
FN:4,reverse
FNF:1
FNH:1
FNDA:1,reverse
DA:1,1
DA:2,1
DA:3,1
DA:4,1
DA:5,1
DA:6,1
LF:6
LH:6
BRDA:4,0,0,1
BRF:1
BRH:1
end_of_record
TN:
SF:4kyu/CodewarsRS.js
FN:5,User
FN:10,incProgress
FNF:2
FNH:2
FNDA:1,User
FNDA:8,incProgress
DA:1,1
DA:2,1
DA:3,1
DA:4,1
DA:5,1
DA:6,1
DA:7,1
DA:8,1
DA:9,1
DA:10,1
DA:11,8
DA:12,8
DA:13,8
DA:14,4
DA:15,4
DA:16,1
DA:17,4
DA:18,1
DA:19,3
DA:20,1
DA:21,1
DA:22,1
DA:23,1
DA:24,8
DA:25,19
DA:26,19
DA:27,19
DA:28,8
DA:29,1
DA:30,1
DA:31,1
DA:32,8
DA:33,1
DA:34,1
DA:35,1
LF:35
LH:35
BRDA:5,0,0,1
BRDA:10,1,0,8
BRDA:12,2,0,1
BRDA:12,3,0,7
BRDA:13,4,0,7
BRDA:13,5,0,4
BRDA:15,6,0,3
BRDA:15,7,0,1
BRDA:17,8,0,3
BRDA:17,9,0,2
BRDA:17,10,0,1
BRDA:19,11,0,2
BRDA:19,12,0,1
BRDA:19,13,0,1
BRDA:24,14,0,7
BRDA:24,15,0,19
BRDA:26,16,0,1
BRDA:26,17,0,18
BRDA:28,18,0,7
BRDA:28,19,0,1
BRF:20
BRH:20
end_of_record
TN:
SF:4kyu/RomanNumeralsHelper.js
FN:4,RomanNumerals
FN:22,toRoman
FN:32,fromRoman
FN:41,getRoms
FN:69,getMax
FNF:5
FNH:5
FNDA:2,RomanNumerals
FNDA:8,toRoman
FNDA:7,fromRoman
FNDA:7,getRoms
FNDA:18,getMax
DA:1,1
DA:2,1
DA:3,1
DA:4,2
DA:5,2
DA:6,2
DA:7,2
DA:8,2
DA:9,2
DA:10,2
DA:11,2
DA:12,2
DA:13,2
DA:14,2
DA:15,2
DA:16,2
DA:17,2
DA:18,2
DA:19,2
DA:20,2
DA:21,2
DA:22,2
DA:23,8
DA:24,8
DA:25,18
DA:26,18
DA:27,18
DA:28,18
DA:29,8
DA:30,8
DA:31,2
DA:32,2
DA:33,7
DA:34,7
DA:35,7
DA:36,25
DA:37,25
DA:38,7
DA:39,7
DA:40,2
DA:41,2
DA:42,7
DA:43,7
DA:44,7
DA:45,7
DA:46,7
DA:47,7
DA:48,7
DA:49,7
DA:50,7
DA:51,7
DA:52,7
DA:53,7
DA:54,7
DA:55,7
DA:56,7
DA:57,7
DA:58,7
DA:59,25
DA:60,3
DA:61,3
DA:62,25
DA:63,22
DA:64,22
DA:65,25
DA:66,7
DA:67,7
DA:68,2
DA:69,2
DA:70,18
DA:71,18
DA:72,112
DA:73,18
DA:74,18
DA:75,112
DA:76,0
DA:77,0
DA:78,2
DA:79,1
DA:80,1
LF:80
LH:78
BRDA:4,0,0,2
BRDA:20,1,0,26
BRDA:22,2,0,8
BRDA:24,3,0,18
BRDA:32,4,0,7
BRDA:35,5,0,25
BRDA:41,6,0,7
BRDA:58,7,0,25
BRDA:59,8,0,3
BRDA:62,9,0,22
BRDA:69,10,0,18
BRDA:71,11,0,112
BRDA:72,12,0,18
BRDA:76,13,0,0
BRDA:70,14,0,234
BRF:15
BRH:14
end_of_record
TN:
SF:4kyu/SameStructureAs.js
FN:1,Object.<anonymous>.Array.sameStructureAs
FNF:1
FNH:1
FNDA:2,Object.<anonymous>.Array.sameStructureAs
DA:1,1
DA:2,2
DA:3,2
DA:4,2
DA:5,1
DA:6,1
DA:7,1
DA:8,1
DA:9,2
LF:9
LH:9
BRDA:1,0,0,2
BRDA:4,1,0,1
BRF:2
BRH:2
end_of_record
TN:
SF:4kyu/infixToPostfix.js
FN:1,toPostfix
FN:33,getAssoc
FNF:2
FNH:2
FNDA:6,toPostfix
FNDA:19,getAssoc
DA:1,6
DA:2,6
DA:3,6
DA:4,6
DA:5,46
DA:6,46
DA:7,22
DA:8,46
DA:9,14
DA:10,10
DA:11,3
DA:12,3
DA:13,10
DA:14,14
DA:15,24
DA:16,5
DA:17,5
DA:18,4
DA:19,3
DA:20,3
DA:21,4
DA:22,5
DA:23,1
DA:24,1
DA:25,46
DA:26,6
DA:27,9
DA:28,8
DA:29,8
DA:30,4
DA:31,4
DA:32,1
DA:33,19
DA:34,19
DA:35,4
DA:36,19
DA:37,15
DA:38,15
DA:39,19
DA:40,1
DA:41,1
LF:41
LH:41
BRDA:1,0,0,6
BRDA:4,1,0,46
BRDA:6,2,0,22
BRDA:8,3,0,24
BRDA:8,4,0,14
BRDA:9,5,0,10
BRDA:10,6,0,9
BRDA:10,7,0,7
BRDA:10,8,0,2
BRDA:10,9,0,3
BRDA:15,10,0,10
BRDA:15,11,0,5
BRDA:17,12,0,4
BRDA:18,13,0,3
BRDA:18,14,0,3
BRDA:22,15,0,1
BRDA:26,16,0,5
BRDA:26,17,0,9
BRDA:27,18,0,1
BRDA:27,19,0,8
BRDA:30,20,0,4
BRDA:33,21,0,19
BRDA:34,22,0,4
BRDA:36,23,0,15
BRF:24
BRH:24
end_of_record
TN:
SF:7kyu/ArraySeries1.js
FN:19,minSum
FNF:1
FNH:1
FNDA:3,minSum
DA:1,1
DA:2,1
DA:3,1
DA:4,1
DA:5,1
DA:6,1
DA:7,1
DA:8,1
DA:9,1
DA:10,1
DA:11,1
DA:12,1
DA:13,1
DA:14,1
DA:15,1
DA:16,1
DA:17,1
DA:18,1
DA:19,1
DA:20,3
DA:21,3
DA:22,3
DA:23,3
DA:24,1
DA:25,1
LF:25
LH:25
BRDA:19,0,0,3
BRDA:21,1,0,9
BRDA:20,2,0,35
BRDA:20,3,0,15
BRF:4
BRH:4
end_of_record
TN:
SF:7kyu/CategorizeNewMember.js
FN:23,openOrSenior
FNF:1
FNH:1
FNDA:3,openOrSenior
DA:1,1
DA:2,1
DA:3,1
DA:4,1
DA:5,1
DA:6,1
DA:7,1
DA:8,1
DA:9,1
DA:10,1
DA:11,1
DA:12,1
DA:13,1
DA:14,1
DA:15,1
DA:16,1
DA:17,1
DA:18,1
DA:19,1
DA:20,1
DA:21,1
DA:22,1
DA:23,3
DA:24,3
DA:25,3
DA:26,12
DA:27,12
DA:28,3
DA:29,3
DA:30,1
DA:31,1
LF:31
LH:31
BRDA:23,0,0,3
BRDA:25,1,0,12
BRDA:26,2,0,6
BRDA:26,3,0,3
BRDA:26,4,0,9
BRF:5
BRH:5
end_of_record
TN:
SF:8kyu/GravityFlip.js
FN:3,flip
FNF:1
FNH:1
FNDA:2,flip
DA:1,1
DA:2,1
DA:3,1
DA:4,2
DA:5,1
DA:6,5
DA:7,5
DA:8,1
DA:9,8
DA:10,8
DA:11,2
DA:12,1
DA:13,1
LF:13
LH:13
BRDA:3,0,0,2
BRDA:4,1,0,1
BRDA:7,2,0,1
BRDA:5,3,0,5
BRDA:8,4,0,8
BRF:5
BRH:5
end_of_record
TN:
SF:8kyu/KeepHydrated.js
FN:12,litres
FNF:1
FNH:1
FNDA:3,litres
DA:1,1
DA:2,1
DA:3,1
DA:4,1
DA:5,1
DA:6,1
DA:7,1
DA:8,1
DA:9,1
DA:10,1
DA:11,1
DA:12,3
DA:13,3
DA:14,3
DA:15,1
DA:16,1
LF:16
LH:16
BRDA:12,0,0,3
BRF:1
BRH:1
end_of_record
TN:
SF:8kyu/ReturnNegative.js
FN:3,makeNegative
FNF:1
FNH:1
FNDA:3,makeNegative
DA:1,1
DA:2,1
DA:3,3
DA:4,3
DA:5,3
DA:6,1
DA:7,1
LF:7
LH:7
BRDA:3,0,0,3
BRDA:4,1,0,1
BRDA:4,2,0,2
BRF:3
BRH:3
end_of_record
