{"/Users/ulo03/Documents/Projects/Katas/3kyu/RailFenceCipher.js": {"path":"/Users/ulo03/Documents/Projects/Katas/3kyu/RailFenceCipher.js","all":false,"statementMap":{"0":{"start":{"line":1,"column":0},"end":{"line":1,"column":57}},"1":{"start":{"line":2,"column":0},"end":{"line":2,"column":0}},"2":{"start":{"line":3,"column":0},"end":{"line":3,"column":87}},"3":{"start":{"line":4,"column":0},"end":{"line":4,"column":117}},"4":{"start":{"line":5,"column":0},"end":{"line":5,"column":147}},"5":{"start":{"line":6,"column":0},"end":{"line":6,"column":118}},"6":{"start":{"line":7,"column":0},"end":{"line":7,"column":110}},"7":{"start":{"line":8,"column":0},"end":{"line":8,"column":0}},"8":{"start":{"line":9,"column":0},"end":{"line":9,"column":52}},"9":{"start":{"line":10,"column":0},"end":{"line":10,"column":50}},"10":{"start":{"line":11,"column":0},"end":{"line":11,"column":48}},"11":{"start":{"line":12,"column":0},"end":{"line":12,"column":31}},"12":{"start":{"line":13,"column":0},"end":{"line":13,"column":28}},"13":{"start":{"line":14,"column":0},"end":{"line":14,"column":0}},"14":{"start":{"line":15,"column":0},"end":{"line":15,"column":116}},"15":{"start":{"line":16,"column":0},"end":{"line":16,"column":132}},"16":{"start":{"line":17,"column":0},"end":{"line":17,"column":124}},"17":{"start":{"line":18,"column":0},"end":{"line":18,"column":87}},"18":{"start":{"line":19,"column":0},"end":{"line":19,"column":116}},"19":{"start":{"line":20,"column":0},"end":{"line":20,"column":0}},"20":{"start":{"line":21,"column":0},"end":{"line":21,"column":50}},"21":{"start":{"line":22,"column":0},"end":{"line":22,"column":46}},"22":{"start":{"line":23,"column":0},"end":{"line":23,"column":13}},"23":{"start":{"line":24,"column":0},"end":{"line":24,"column":18}},"24":{"start":{"line":25,"column":0},"end":{"line":25,"column":17}},"25":{"start":{"line":26,"column":0},"end":{"line":26,"column":38}},"26":{"start":{"line":27,"column":0},"end":{"line":27,"column":19}},"27":{"start":{"line":28,"column":0},"end":{"line":28,"column":3}},"28":{"start":{"line":29,"column":0},"end":{"line":29,"column":36}},"29":{"start":{"line":30,"column":0},"end":{"line":30,"column":22}},"30":{"start":{"line":31,"column":0},"end":{"line":31,"column":28}},"31":{"start":{"line":32,"column":0},"end":{"line":32,"column":18}},"32":{"start":{"line":33,"column":0},"end":{"line":33,"column":25}},"33":{"start":{"line":34,"column":0},"end":{"line":34,"column":18}},"34":{"start":{"line":35,"column":0},"end":{"line":35,"column":5}},"35":{"start":{"line":36,"column":0},"end":{"line":36,"column":44}},"36":{"start":{"line":37,"column":0},"end":{"line":37,"column":11}},"37":{"start":{"line":38,"column":0},"end":{"line":38,"column":40}},"38":{"start":{"line":39,"column":0},"end":{"line":39,"column":11}},"39":{"start":{"line":40,"column":0},"end":{"line":40,"column":5}},"40":{"start":{"line":41,"column":0},"end":{"line":41,"column":5}},"41":{"start":{"line":42,"column":0},"end":{"line":42,"column":39}},"42":{"start":{"line":43,"column":0},"end":{"line":43,"column":24}},"43":{"start":{"line":44,"column":0},"end":{"line":44,"column":1}},"44":{"start":{"line":45,"column":0},"end":{"line":45,"column":0}},"45":{"start":{"line":46,"column":0},"end":{"line":46,"column":50}},"46":{"start":{"line":47,"column":0},"end":{"line":47,"column":46}},"47":{"start":{"line":48,"column":0},"end":{"line":48,"column":17}},"48":{"start":{"line":49,"column":0},"end":{"line":49,"column":38}},"49":{"start":{"line":50,"column":0},"end":{"line":50,"column":19}},"50":{"start":{"line":51,"column":0},"end":{"line":51,"column":3}},"51":{"start":{"line":52,"column":0},"end":{"line":52,"column":15}},"52":{"start":{"line":53,"column":0},"end":{"line":53,"column":17}},"53":{"start":{"line":54,"column":0},"end":{"line":54,"column":38}},"54":{"start":{"line":55,"column":0},"end":{"line":55,"column":27}},"55":{"start":{"line":56,"column":0},"end":{"line":56,"column":19}},"56":{"start":{"line":57,"column":0},"end":{"line":57,"column":46}},"57":{"start":{"line":58,"column":0},"end":{"line":58,"column":23}},"58":{"start":{"line":59,"column":0},"end":{"line":59,"column":5}},"59":{"start":{"line":60,"column":0},"end":{"line":60,"column":5}},"60":{"start":{"line":61,"column":0},"end":{"line":61,"column":20}},"61":{"start":{"line":62,"column":0},"end":{"line":62,"column":53}},"62":{"start":{"line":63,"column":0},"end":{"line":63,"column":8}},"63":{"start":{"line":64,"column":0},"end":{"line":64,"column":27}},"64":{"start":{"line":65,"column":0},"end":{"line":65,"column":22}},"65":{"start":{"line":66,"column":0},"end":{"line":66,"column":67}},"66":{"start":{"line":67,"column":0},"end":{"line":67,"column":8}},"67":{"start":{"line":68,"column":0},"end":{"line":68,"column":3}},"68":{"start":{"line":69,"column":0},"end":{"line":69,"column":11}},"69":{"start":{"line":70,"column":0},"end":{"line":70,"column":13}},"70":{"start":{"line":71,"column":0},"end":{"line":71,"column":15}},"71":{"start":{"line":72,"column":0},"end":{"line":72,"column":43}},"72":{"start":{"line":73,"column":0},"end":{"line":73,"column":32}},"73":{"start":{"line":74,"column":0},"end":{"line":74,"column":19}},"74":{"start":{"line":75,"column":0},"end":{"line":75,"column":44}},"75":{"start":{"line":76,"column":0},"end":{"line":76,"column":23}},"76":{"start":{"line":77,"column":0},"end":{"line":77,"column":5}},"77":{"start":{"line":78,"column":0},"end":{"line":78,"column":3}},"78":{"start":{"line":79,"column":0},"end":{"line":79,"column":13}},"79":{"start":{"line":80,"column":0},"end":{"line":80,"column":1}},"80":{"start":{"line":81,"column":0},"end":{"line":81,"column":0}},"81":{"start":{"line":82,"column":0},"end":{"line":82,"column":66}}},"s":{"0":1,"1":1,"2":1,"3":1,"4":1,"5":1,"6":1,"7":1,"8":1,"9":1,"10":1,"11":1,"12":1,"13":1,"14":1,"15":1,"16":1,"17":1,"18":1,"19":1,"20":6,"21":6,"22":3,"23":3,"24":3,"25":6,"26":10,"27":10,"28":3,"29":51,"30":51,"31":11,"32":51,"33":14,"34":14,"35":51,"36":27,"37":51,"38":24,"39":24,"40":51,"41":3,"42":3,"43":3,"44":1,"45":6,"46":6,"47":3,"48":6,"49":10,"50":10,"51":3,"52":3,"53":3,"54":51,"55":51,"56":51,"57":22,"58":22,"59":51,"60":3,"61":6,"62":3,"63":3,"64":6,"65":10,"66":10,"67":10,"68":3,"69":3,"70":3,"71":6,"72":51,"73":51,"74":51,"75":22,"76":22,"77":51,"78":3,"79":3,"80":1,"81":1},"branchMap":{"0":{"type":"branch","line":21,"loc":{"start":{"line":21,"column":0},"end":{"line":44,"column":1}},"locations":[{"start":{"line":21,"column":0},"end":{"line":44,"column":1}}]},"1":{"type":"branch","line":22,"loc":{"start":{"line":22,"column":6},"end":{"line":22,"column":36}},"locations":[{"start":{"line":22,"column":6},"end":{"line":22,"column":36}}]},"2":{"type":"branch","line":22,"loc":{"start":{"line":22,"column":36},"end":{"line":26,"column":7}},"locations":[{"start":{"line":22,"column":36},"end":{"line":26,"column":7}}]},"3":{"type":"branch","line":26,"loc":{"start":{"line":26,"column":37},"end":{"line":28,"column":3}},"locations":[{"start":{"line":26,"column":37},"end":{"line":28,"column":3}}]},"4":{"type":"branch","line":29,"loc":{"start":{"line":29,"column":-1},"end":{"line":44,"column":1}},"locations":[{"start":{"line":29,"column":-1},"end":{"line":44,"column":1}}]},"5":{"type":"branch","line":29,"loc":{"start":{"line":29,"column":23},"end":{"line":41,"column":5}},"locations":[{"start":{"line":29,"column":23},"end":{"line":41,"column":5}}]},"6":{"type":"branch","line":31,"loc":{"start":{"line":31,"column":27},"end":{"line":33,"column":11}},"locations":[{"start":{"line":31,"column":27},"end":{"line":33,"column":11}}]},"7":{"type":"branch","line":33,"loc":{"start":{"line":33,"column":5},"end":{"line":35,"column":5}},"locations":[{"start":{"line":33,"column":5},"end":{"line":35,"column":5}}]},"8":{"type":"branch","line":33,"loc":{"start":{"line":33,"column":24},"end":{"line":35,"column":5}},"locations":[{"start":{"line":33,"column":24},"end":{"line":35,"column":5}}]},"9":{"type":"branch","line":36,"loc":{"start":{"line":36,"column":8},"end":{"line":36,"column":43}},"locations":[{"start":{"line":36,"column":8},"end":{"line":36,"column":43}}]},"10":{"type":"branch","line":36,"loc":{"start":{"line":36,"column":43},"end":{"line":38,"column":11}},"locations":[{"start":{"line":36,"column":43},"end":{"line":38,"column":11}}]},"11":{"type":"branch","line":38,"loc":{"start":{"line":38,"column":5},"end":{"line":40,"column":5}},"locations":[{"start":{"line":38,"column":5},"end":{"line":40,"column":5}}]},"12":{"type":"branch","line":42,"loc":{"start":{"line":42,"column":21},"end":{"line":42,"column":28}},"locations":[{"start":{"line":42,"column":21},"end":{"line":42,"column":28}}]},"13":{"type":"branch","line":46,"loc":{"start":{"line":46,"column":0},"end":{"line":80,"column":1}},"locations":[{"start":{"line":46,"column":0},"end":{"line":80,"column":1}}]},"14":{"type":"branch","line":47,"loc":{"start":{"line":47,"column":6},"end":{"line":47,"column":36}},"locations":[{"start":{"line":47,"column":6},"end":{"line":47,"column":36}}]},"15":{"type":"branch","line":47,"loc":{"start":{"line":47,"column":36},"end":{"line":49,"column":7}},"locations":[{"start":{"line":47,"column":36},"end":{"line":49,"column":7}}]},"16":{"type":"branch","line":49,"loc":{"start":{"line":49,"column":37},"end":{"line":51,"column":3}},"locations":[{"start":{"line":49,"column":37},"end":{"line":51,"column":3}}]},"17":{"type":"branch","line":52,"loc":{"start":{"line":52,"column":-1},"end":{"line":62,"column":7}},"locations":[{"start":{"line":52,"column":-1},"end":{"line":62,"column":7}}]},"18":{"type":"branch","line":62,"loc":{"start":{"line":62,"column":37},"end":{"line":62,"column":43}},"locations":[{"start":{"line":62,"column":37},"end":{"line":62,"column":43}}]},"19":{"type":"branch","line":62,"loc":{"start":{"line":62,"column":37},"end":{"line":65,"column":7}},"locations":[{"start":{"line":62,"column":37},"end":{"line":65,"column":7}}]},"20":{"type":"branch","line":65,"loc":{"start":{"line":65,"column":21},"end":{"line":68,"column":3}},"locations":[{"start":{"line":65,"column":21},"end":{"line":68,"column":3}}]},"21":{"type":"branch","line":66,"loc":{"start":{"line":66,"column":41},"end":{"line":66,"column":47}},"locations":[{"start":{"line":66,"column":41},"end":{"line":66,"column":47}}]},"22":{"type":"branch","line":69,"loc":{"start":{"line":69,"column":-1},"end":{"line":72,"column":7}},"locations":[{"start":{"line":69,"column":-1},"end":{"line":72,"column":7}}]},"23":{"type":"branch","line":72,"loc":{"start":{"line":72,"column":42},"end":{"line":78,"column":3}},"locations":[{"start":{"line":72,"column":42},"end":{"line":78,"column":3}}]},"24":{"type":"branch","line":75,"loc":{"start":{"line":75,"column":8},"end":{"line":75,"column":43}},"locations":[{"start":{"line":75,"column":8},"end":{"line":75,"column":43}}]},"25":{"type":"branch","line":75,"loc":{"start":{"line":75,"column":43},"end":{"line":77,"column":5}},"locations":[{"start":{"line":75,"column":43},"end":{"line":77,"column":5}}]},"26":{"type":"branch","line":79,"loc":{"start":{"line":79,"column":-1},"end":{"line":80,"column":1}},"locations":[{"start":{"line":79,"column":-1},"end":{"line":80,"column":1}}]},"27":{"type":"branch","line":54,"loc":{"start":{"line":54,"column":28},"end":{"line":60,"column":5}},"locations":[{"start":{"line":54,"column":28},"end":{"line":60,"column":5}}]},"28":{"type":"branch","line":57,"loc":{"start":{"line":57,"column":8},"end":{"line":57,"column":45}},"locations":[{"start":{"line":57,"column":8},"end":{"line":57,"column":45}}]},"29":{"type":"branch","line":57,"loc":{"start":{"line":57,"column":45},"end":{"line":59,"column":5}},"locations":[{"start":{"line":57,"column":45},"end":{"line":59,"column":5}}]}},"b":{"0":[6],"1":[4],"2":[3],"3":[10],"4":[3],"5":[51],"6":[11],"7":[40],"8":[14],"9":[27],"10":[27],"11":[24],"12":[10],"13":[6],"14":[4],"15":[3],"16":[10],"17":[3],"18":[10],"19":[3],"20":[10],"21":[51],"22":[3],"23":[51],"24":[40],"25":[22],"26":[3],"27":[51],"28":[40],"29":[22]},"fnMap":{"0":{"name":"encodeRailFenceCipher","decl":{"start":{"line":21,"column":0},"end":{"line":44,"column":1}},"loc":{"start":{"line":21,"column":0},"end":{"line":44,"column":1}},"line":21},"1":{"name":"decodeRailFenceCipher","decl":{"start":{"line":46,"column":0},"end":{"line":80,"column":1}},"loc":{"start":{"line":46,"column":0},"end":{"line":80,"column":1}},"line":46}},"f":{"0":6,"1":6}}
,"/Users/ulo03/Documents/Projects/Katas/3kyu/ReverseArray.js": {"path":"/Users/ulo03/Documents/Projects/Katas/3kyu/ReverseArray.js","all":false,"statementMap":{"0":{"start":{"line":1,"column":0},"end":{"line":1,"column":12}},"1":{"start":{"line":2,"column":0},"end":{"line":2,"column":38}},"2":{"start":{"line":3,"column":0},"end":{"line":3,"column":0}},"3":{"start":{"line":4,"column":0},"end":{"line":4,"column":41}},"4":{"start":{"line":5,"column":0},"end":{"line":5,"column":0}},"5":{"start":{"line":6,"column":0},"end":{"line":6,"column":27}}},"s":{"0":1,"1":1,"2":1,"3":1,"4":1,"5":1},"branchMap":{"0":{"type":"branch","line":4,"loc":{"start":{"line":4,"column":8},"end":{"line":4,"column":12}},"locations":[{"start":{"line":4,"column":8},"end":{"line":4,"column":12}}]}},"b":{"0":[1]},"fnMap":{"0":{"name":"reverse","decl":{"start":{"line":4,"column":8},"end":{"line":4,"column":12}},"loc":{"start":{"line":4,"column":8},"end":{"line":4,"column":12}},"line":4}},"f":{"0":1}}
,"/Users/ulo03/Documents/Projects/Katas/4kyu/CodewarsRS.js": {"path":"/Users/ulo03/Documents/Projects/Katas/4kyu/CodewarsRS.js","all":false,"statementMap":{"0":{"start":{"line":1,"column":0},"end":{"line":1,"column":57}},"1":{"start":{"line":2,"column":0},"end":{"line":2,"column":0}},"2":{"start":{"line":3,"column":0},"end":{"line":3,"column":73}},"3":{"start":{"line":4,"column":0},"end":{"line":4,"column":12}},"4":{"start":{"line":5,"column":0},"end":{"line":5,"column":17}},"5":{"start":{"line":6,"column":0},"end":{"line":6,"column":19}},"6":{"start":{"line":7,"column":0},"end":{"line":7,"column":22}},"7":{"start":{"line":8,"column":0},"end":{"line":8,"column":3}},"8":{"start":{"line":9,"column":0},"end":{"line":9,"column":0}},"9":{"start":{"line":10,"column":0},"end":{"line":10,"column":18}},"10":{"start":{"line":11,"column":0},"end":{"line":11,"column":13}},"11":{"start":{"line":12,"column":0},"end":{"line":12,"column":79}},"12":{"start":{"line":13,"column":0},"end":{"line":13,"column":41}},"13":{"start":{"line":14,"column":0},"end":{"line":14,"column":38}},"14":{"start":{"line":15,"column":0},"end":{"line":15,"column":49}},"15":{"start":{"line":16,"column":0},"end":{"line":16,"column":25}},"16":{"start":{"line":17,"column":0},"end":{"line":17,"column":50}},"17":{"start":{"line":18,"column":0},"end":{"line":18,"column":25}},"18":{"start":{"line":19,"column":0},"end":{"line":19,"column":49}},"19":{"start":{"line":20,"column":0},"end":{"line":20,"column":25}},"20":{"start":{"line":21,"column":0},"end":{"line":21,"column":12}},"21":{"start":{"line":22,"column":0},"end":{"line":22,"column":31}},"22":{"start":{"line":23,"column":0},"end":{"line":23,"column":5}},"23":{"start":{"line":24,"column":0},"end":{"line":24,"column":34}},"24":{"start":{"line":25,"column":0},"end":{"line":25,"column":27}},"25":{"start":{"line":26,"column":0},"end":{"line":26,"column":63}},"26":{"start":{"line":27,"column":0},"end":{"line":27,"column":5}},"27":{"start":{"line":28,"column":0},"end":{"line":28,"column":25}},"28":{"start":{"line":29,"column":0},"end":{"line":29,"column":20}},"29":{"start":{"line":30,"column":0},"end":{"line":30,"column":24}},"30":{"start":{"line":31,"column":0},"end":{"line":31,"column":5}},"31":{"start":{"line":32,"column":0},"end":{"line":32,"column":3}},"32":{"start":{"line":33,"column":0},"end":{"line":33,"column":1}},"33":{"start":{"line":34,"column":0},"end":{"line":34,"column":0}},"34":{"start":{"line":35,"column":0},"end":{"line":35,"column":27}}},"s":{"0":1,"1":1,"2":1,"3":1,"4":1,"5":1,"6":1,"7":1,"8":1,"9":1,"10":8,"11":8,"12":8,"13":4,"14":4,"15":1,"16":4,"17":1,"18":3,"19":1,"20":1,"21":1,"22":1,"23":8,"24":19,"25":19,"26":19,"27":8,"28":1,"29":1,"30":1,"31":8,"32":1,"33":1,"34":1},"branchMap":{"0":{"type":"branch","line":5,"loc":{"start":{"line":5,"column":2},"end":{"line":8,"column":3}},"locations":[{"start":{"line":5,"column":2},"end":{"line":8,"column":3}}]},"1":{"type":"branch","line":10,"loc":{"start":{"line":10,"column":2},"end":{"line":32,"column":3}},"locations":[{"start":{"line":10,"column":2},"end":{"line":32,"column":3}}]},"2":{"type":"branch","line":12,"loc":{"start":{"line":12,"column":6},"end":{"line":12,"column":58}},"locations":[{"start":{"line":12,"column":6},"end":{"line":12,"column":58}}]},"3":{"type":"branch","line":12,"loc":{"start":{"line":12,"column":6},"end":{"line":12,"column":79}},"locations":[{"start":{"line":12,"column":6},"end":{"line":12,"column":79}}]},"4":{"type":"branch","line":13,"loc":{"start":{"line":13,"column":8},"end":{"line":13,"column":40}},"locations":[{"start":{"line":13,"column":8},"end":{"line":13,"column":40}}]},"5":{"type":"branch","line":13,"loc":{"start":{"line":13,"column":40},"end":{"line":23,"column":5}},"locations":[{"start":{"line":13,"column":40},"end":{"line":23,"column":5}}]},"6":{"type":"branch","line":15,"loc":{"start":{"line":15,"column":15},"end":{"line":15,"column":48}},"locations":[{"start":{"line":15,"column":15},"end":{"line":15,"column":48}}]},"7":{"type":"branch","line":15,"loc":{"start":{"line":15,"column":48},"end":{"line":17,"column":11}},"locations":[{"start":{"line":15,"column":48},"end":{"line":17,"column":11}}]},"8":{"type":"branch","line":17,"loc":{"start":{"line":17,"column":5},"end":{"line":23,"column":5}},"locations":[{"start":{"line":17,"column":5},"end":{"line":23,"column":5}}]},"9":{"type":"branch","line":17,"loc":{"start":{"line":17,"column":15},"end":{"line":17,"column":49}},"locations":[{"start":{"line":17,"column":15},"end":{"line":17,"column":49}}]},"10":{"type":"branch","line":17,"loc":{"start":{"line":17,"column":49},"end":{"line":19,"column":11}},"locations":[{"start":{"line":17,"column":49},"end":{"line":19,"column":11}}]},"11":{"type":"branch","line":19,"loc":{"start":{"line":19,"column":5},"end":{"line":23,"column":5}},"locations":[{"start":{"line":19,"column":5},"end":{"line":23,"column":5}}]},"12":{"type":"branch","line":19,"loc":{"start":{"line":19,"column":15},"end":{"line":19,"column":48}},"locations":[{"start":{"line":19,"column":15},"end":{"line":19,"column":48}}]},"13":{"type":"branch","line":19,"loc":{"start":{"line":19,"column":48},"end":{"line":23,"column":5}},"locations":[{"start":{"line":19,"column":48},"end":{"line":23,"column":5}}]},"14":{"type":"branch","line":24,"loc":{"start":{"line":24,"column":-1},"end":{"line":24,"column":11}},"locations":[{"start":{"line":24,"column":-1},"end":{"line":24,"column":11}}]},"15":{"type":"branch","line":24,"loc":{"start":{"line":24,"column":33},"end":{"line":27,"column":5}},"locations":[{"start":{"line":24,"column":33},"end":{"line":27,"column":5}}]},"16":{"type":"branch","line":26,"loc":{"start":{"line":26,"column":6},"end":{"line":26,"column":47}},"locations":[{"start":{"line":26,"column":6},"end":{"line":26,"column":47}}]},"17":{"type":"branch","line":26,"loc":{"start":{"line":26,"column":6},"end":{"line":26,"column":63}},"locations":[{"start":{"line":26,"column":6},"end":{"line":26,"column":63}}]},"18":{"type":"branch","line":28,"loc":{"start":{"line":28,"column":-1},"end":{"line":28,"column":8}},"locations":[{"start":{"line":28,"column":-1},"end":{"line":28,"column":8}}]},"19":{"type":"branch","line":28,"loc":{"start":{"line":28,"column":24},"end":{"line":31,"column":5}},"locations":[{"start":{"line":28,"column":24},"end":{"line":31,"column":5}}]}},"b":{"0":[1],"1":[8],"2":[1],"3":[7],"4":[7],"5":[4],"6":[3],"7":[1],"8":[3],"9":[2],"10":[1],"11":[2],"12":[1],"13":[1],"14":[7],"15":[19],"16":[1],"17":[18],"18":[7],"19":[1]},"fnMap":{"0":{"name":"User","decl":{"start":{"line":5,"column":2},"end":{"line":8,"column":3}},"loc":{"start":{"line":5,"column":2},"end":{"line":8,"column":3}},"line":5},"1":{"name":"incProgress","decl":{"start":{"line":10,"column":2},"end":{"line":32,"column":3}},"loc":{"start":{"line":10,"column":2},"end":{"line":32,"column":3}},"line":10}},"f":{"0":1,"1":8}}
,"/Users/ulo03/Documents/Projects/Katas/4kyu/RomanNumeralsHelper.js": {"path":"/Users/ulo03/Documents/Projects/Katas/4kyu/RomanNumeralsHelper.js","all":false,"statementMap":{"0":{"start":{"line":1,"column":0},"end":{"line":1,"column":57}},"1":{"start":{"line":2,"column":0},"end":{"line":2,"column":0}},"2":{"start":{"line":3,"column":0},"end":{"line":3,"column":31}},"3":{"start":{"line":4,"column":0},"end":{"line":4,"column":26}},"4":{"start":{"line":5,"column":0},"end":{"line":5,"column":25}},"5":{"start":{"line":6,"column":0},"end":{"line":6,"column":13}},"6":{"start":{"line":7,"column":0},"end":{"line":7,"column":14}},"7":{"start":{"line":8,"column":0},"end":{"line":8,"column":13}},"8":{"start":{"line":9,"column":0},"end":{"line":9,"column":14}},"9":{"start":{"line":10,"column":0},"end":{"line":10,"column":14}},"10":{"start":{"line":11,"column":0},"end":{"line":11,"column":15}},"11":{"start":{"line":12,"column":0},"end":{"line":12,"column":14}},"12":{"start":{"line":13,"column":0},"end":{"line":13,"column":15}},"13":{"start":{"line":14,"column":0},"end":{"line":14,"column":15}},"14":{"start":{"line":15,"column":0},"end":{"line":15,"column":16}},"15":{"start":{"line":16,"column":0},"end":{"line":16,"column":15}},"16":{"start":{"line":17,"column":0},"end":{"line":17,"column":16}},"17":{"start":{"line":18,"column":0},"end":{"line":18,"column":16}},"18":{"start":{"line":19,"column":0},"end":{"line":19,"column":5}},"19":{"start":{"line":20,"column":0},"end":{"line":20,"column":65}},"20":{"start":{"line":21,"column":0},"end":{"line":21,"column":0}},"21":{"start":{"line":22,"column":0},"end":{"line":22,"column":40}},"22":{"start":{"line":23,"column":0},"end":{"line":23,"column":17}},"23":{"start":{"line":24,"column":0},"end":{"line":24,"column":21}},"24":{"start":{"line":25,"column":0},"end":{"line":25,"column":28}},"25":{"start":{"line":26,"column":0},"end":{"line":26,"column":28}},"26":{"start":{"line":27,"column":0},"end":{"line":27,"column":17}},"27":{"start":{"line":28,"column":0},"end":{"line":28,"column":5}},"28":{"start":{"line":29,"column":0},"end":{"line":29,"column":15}},"29":{"start":{"line":30,"column":0},"end":{"line":30,"column":4}},"30":{"start":{"line":31,"column":0},"end":{"line":31,"column":0}},"31":{"start":{"line":32,"column":0},"end":{"line":32,"column":44}},"32":{"start":{"line":33,"column":0},"end":{"line":33,"column":16}},"33":{"start":{"line":34,"column":0},"end":{"line":34,"column":28}},"34":{"start":{"line":35,"column":0},"end":{"line":35,"column":25}},"35":{"start":{"line":36,"column":0},"end":{"line":36,"column":28}},"36":{"start":{"line":37,"column":0},"end":{"line":37,"column":7}},"37":{"start":{"line":38,"column":0},"end":{"line":38,"column":15}},"38":{"start":{"line":39,"column":0},"end":{"line":39,"column":4}},"39":{"start":{"line":40,"column":0},"end":{"line":40,"column":0}},"40":{"start":{"line":41,"column":0},"end":{"line":41,"column":25}},"41":{"start":{"line":42,"column":0},"end":{"line":42,"column":18}},"42":{"start":{"line":43,"column":0},"end":{"line":43,"column":15}},"43":{"start":{"line":44,"column":0},"end":{"line":44,"column":10}},"44":{"start":{"line":45,"column":0},"end":{"line":45,"column":11}},"45":{"start":{"line":46,"column":0},"end":{"line":46,"column":10}},"46":{"start":{"line":47,"column":0},"end":{"line":47,"column":11}},"47":{"start":{"line":48,"column":0},"end":{"line":48,"column":10}},"48":{"start":{"line":49,"column":0},"end":{"line":49,"column":11}},"49":{"start":{"line":50,"column":0},"end":{"line":50,"column":10}},"50":{"start":{"line":51,"column":0},"end":{"line":51,"column":11}},"51":{"start":{"line":52,"column":0},"end":{"line":52,"column":10}},"52":{"start":{"line":53,"column":0},"end":{"line":53,"column":11}},"53":{"start":{"line":54,"column":0},"end":{"line":54,"column":10}},"54":{"start":{"line":55,"column":0},"end":{"line":55,"column":11}},"55":{"start":{"line":56,"column":0},"end":{"line":56,"column":10}},"56":{"start":{"line":57,"column":0},"end":{"line":57,"column":6}},"57":{"start":{"line":58,"column":0},"end":{"line":58,"column":42}},"58":{"start":{"line":59,"column":0},"end":{"line":59,"column":46}},"59":{"start":{"line":60,"column":0},"end":{"line":60,"column":39}},"60":{"start":{"line":61,"column":0},"end":{"line":61,"column":12}},"61":{"start":{"line":62,"column":0},"end":{"line":62,"column":14}},"62":{"start":{"line":63,"column":0},"end":{"line":63,"column":26}},"63":{"start":{"line":64,"column":0},"end":{"line":64,"column":7}},"64":{"start":{"line":65,"column":0},"end":{"line":65,"column":5}},"65":{"start":{"line":66,"column":0},"end":{"line":66,"column":16}},"66":{"start":{"line":67,"column":0},"end":{"line":67,"column":3}},"67":{"start":{"line":68,"column":0},"end":{"line":68,"column":0}},"68":{"start":{"line":69,"column":0},"end":{"line":69,"column":24}},"69":{"start":{"line":70,"column":0},"end":{"line":70,"column":76}},"70":{"start":{"line":71,"column":0},"end":{"line":71,"column":50}},"71":{"start":{"line":72,"column":0},"end":{"line":72,"column":25}},"72":{"start":{"line":73,"column":0},"end":{"line":73,"column":21}},"73":{"start":{"line":74,"column":0},"end":{"line":74,"column":7}},"74":{"start":{"line":75,"column":0},"end":{"line":75,"column":5}},"75":{"start":{"line":76,"column":0},"end":{"line":76,"column":14}},"76":{"start":{"line":77,"column":0},"end":{"line":77,"column":3}},"77":{"start":{"line":78,"column":0},"end":{"line":78,"column":1}},"78":{"start":{"line":79,"column":0},"end":{"line":79,"column":0}},"79":{"start":{"line":80,"column":0},"end":{"line":80,"column":45}}},"s":{"0":1,"1":1,"2":1,"3":2,"4":2,"5":2,"6":2,"7":2,"8":2,"9":2,"10":2,"11":2,"12":2,"13":2,"14":2,"15":2,"16":2,"17":2,"18":2,"19":2,"20":2,"21":2,"22":8,"23":8,"24":18,"25":18,"26":18,"27":18,"28":8,"29":8,"30":2,"31":2,"32":7,"33":7,"34":7,"35":25,"36":25,"37":7,"38":7,"39":2,"40":2,"41":7,"42":7,"43":7,"44":7,"45":7,"46":7,"47":7,"48":7,"49":7,"50":7,"51":7,"52":7,"53":7,"54":7,"55":7,"56":7,"57":7,"58":25,"59":3,"60":3,"61":25,"62":22,"63":22,"64":25,"65":7,"66":7,"67":2,"68":2,"69":18,"70":18,"71":112,"72":18,"73":18,"74":112,"75":0,"76":0,"77":2,"78":1,"79":1},"branchMap":{"0":{"type":"branch","line":4,"loc":{"start":{"line":4,"column":0},"end":{"line":78,"column":1}},"locations":[{"start":{"line":4,"column":0},"end":{"line":78,"column":1}}]},"1":{"type":"branch","line":20,"loc":{"start":{"line":20,"column":45},"end":{"line":20,"column":52}},"locations":[{"start":{"line":20,"column":45},"end":{"line":20,"column":52}}]},"2":{"type":"branch","line":22,"loc":{"start":{"line":22,"column":17},"end":{"line":30,"column":4}},"locations":[{"start":{"line":22,"column":17},"end":{"line":30,"column":4}}]},"3":{"type":"branch","line":24,"loc":{"start":{"line":24,"column":20},"end":{"line":28,"column":5}},"locations":[{"start":{"line":24,"column":20},"end":{"line":28,"column":5}}]},"4":{"type":"branch","line":32,"loc":{"start":{"line":32,"column":19},"end":{"line":39,"column":4}},"locations":[{"start":{"line":32,"column":19},"end":{"line":39,"column":4}}]},"5":{"type":"branch","line":35,"loc":{"start":{"line":35,"column":18},"end":{"line":37,"column":7}},"locations":[{"start":{"line":35,"column":18},"end":{"line":37,"column":7}}]},"6":{"type":"branch","line":41,"loc":{"start":{"line":41,"column":2},"end":{"line":67,"column":3}},"locations":[{"start":{"line":41,"column":2},"end":{"line":67,"column":3}}]},"7":{"type":"branch","line":58,"loc":{"start":{"line":58,"column":41},"end":{"line":65,"column":5}},"locations":[{"start":{"line":58,"column":41},"end":{"line":65,"column":5}}]},"8":{"type":"branch","line":59,"loc":{"start":{"line":59,"column":45},"end":{"line":62,"column":13}},"locations":[{"start":{"line":59,"column":45},"end":{"line":62,"column":13}}]},"9":{"type":"branch","line":62,"loc":{"start":{"line":62,"column":7},"end":{"line":64,"column":7}},"locations":[{"start":{"line":62,"column":7},"end":{"line":64,"column":7}}]},"10":{"type":"branch","line":69,"loc":{"start":{"line":69,"column":2},"end":{"line":77,"column":3}},"locations":[{"start":{"line":69,"column":2},"end":{"line":77,"column":3}}]},"11":{"type":"branch","line":71,"loc":{"start":{"line":71,"column":49},"end":{"line":75,"column":5}},"locations":[{"start":{"line":71,"column":49},"end":{"line":75,"column":5}}]},"12":{"type":"branch","line":72,"loc":{"start":{"line":72,"column":24},"end":{"line":74,"column":7}},"locations":[{"start":{"line":72,"column":24},"end":{"line":74,"column":7}}]},"13":{"type":"branch","line":76,"loc":{"start":{"line":76,"column":-1},"end":{"line":77,"column":3}},"locations":[{"start":{"line":76,"column":-1},"end":{"line":77,"column":3}}]},"14":{"type":"branch","line":70,"loc":{"start":{"line":70,"column":46},"end":{"line":70,"column":53}},"locations":[{"start":{"line":70,"column":46},"end":{"line":70,"column":53}}]}},"b":{"0":[2],"1":[26],"2":[8],"3":[18],"4":[7],"5":[25],"6":[7],"7":[25],"8":[3],"9":[22],"10":[18],"11":[112],"12":[18],"13":[0],"14":[234]},"fnMap":{"0":{"name":"RomanNumerals","decl":{"start":{"line":4,"column":0},"end":{"line":78,"column":1}},"loc":{"start":{"line":4,"column":0},"end":{"line":78,"column":1}},"line":4},"1":{"name":"toRoman","decl":{"start":{"line":22,"column":17},"end":{"line":30,"column":4}},"loc":{"start":{"line":22,"column":17},"end":{"line":30,"column":4}},"line":22},"2":{"name":"fromRoman","decl":{"start":{"line":32,"column":19},"end":{"line":39,"column":4}},"loc":{"start":{"line":32,"column":19},"end":{"line":39,"column":4}},"line":32},"3":{"name":"getRoms","decl":{"start":{"line":41,"column":2},"end":{"line":67,"column":3}},"loc":{"start":{"line":41,"column":2},"end":{"line":67,"column":3}},"line":41},"4":{"name":"getMax","decl":{"start":{"line":69,"column":2},"end":{"line":77,"column":3}},"loc":{"start":{"line":69,"column":2},"end":{"line":77,"column":3}},"line":69}},"f":{"0":2,"1":8,"2":7,"3":7,"4":18}}
,"/Users/ulo03/Documents/Projects/Katas/4kyu/SameStructureAs.js": {"path":"/Users/ulo03/Documents/Projects/Katas/4kyu/SameStructureAs.js","all":false,"statementMap":{"0":{"start":{"line":1,"column":0},"end":{"line":1,"column":52}},"1":{"start":{"line":2,"column":0},"end":{"line":2,"column":58}},"2":{"start":{"line":3,"column":0},"end":{"line":3,"column":71}},"3":{"start":{"line":4,"column":0},"end":{"line":4,"column":24}},"4":{"start":{"line":5,"column":0},"end":{"line":5,"column":16}},"5":{"start":{"line":6,"column":0},"end":{"line":6,"column":10}},"6":{"start":{"line":7,"column":0},"end":{"line":7,"column":17}},"7":{"start":{"line":8,"column":0},"end":{"line":8,"column":3}},"8":{"start":{"line":9,"column":0},"end":{"line":9,"column":2}}},"s":{"0":1,"1":2,"2":2,"3":2,"4":1,"5":1,"6":1,"7":1,"8":2},"branchMap":{"0":{"type":"branch","line":1,"loc":{"start":{"line":1,"column":34},"end":{"line":9,"column":2}},"locations":[{"start":{"line":1,"column":34},"end":{"line":9,"column":2}}]},"1":{"type":"branch","line":4,"loc":{"start":{"line":4,"column":23},"end":{"line":8,"column":3}},"locations":[{"start":{"line":4,"column":23},"end":{"line":8,"column":3}}]}},"b":{"0":[2],"1":[1]},"fnMap":{"0":{"name":"Object.<anonymous>.Array.sameStructureAs","decl":{"start":{"line":1,"column":34},"end":{"line":9,"column":2}},"loc":{"start":{"line":1,"column":34},"end":{"line":9,"column":2}},"line":1}},"f":{"0":2}}
,"/Users/ulo03/Documents/Projects/Katas/4kyu/infixToPostfix.js": {"path":"/Users/ulo03/Documents/Projects/Katas/4kyu/infixToPostfix.js","all":false,"statementMap":{"0":{"start":{"line":1,"column":0},"end":{"line":1,"column":28}},"1":{"start":{"line":2,"column":0},"end":{"line":2,"column":48}},"2":{"start":{"line":3,"column":0},"end":{"line":3,"column":69}},"3":{"start":{"line":4,"column":0},"end":{"line":4,"column":26}},"4":{"start":{"line":5,"column":0},"end":{"line":5,"column":25}},"5":{"start":{"line":6,"column":0},"end":{"line":6,"column":28}},"6":{"start":{"line":7,"column":0},"end":{"line":7,"column":16}},"7":{"start":{"line":8,"column":0},"end":{"line":8,"column":42}},"8":{"start":{"line":9,"column":0},"end":{"line":9,"column":27}},"9":{"start":{"line":10,"column":0},"end":{"line":10,"column":170}},"10":{"start":{"line":11,"column":0},"end":{"line":11,"column":27}},"11":{"start":{"line":12,"column":0},"end":{"line":12,"column":9}},"12":{"start":{"line":13,"column":0},"end":{"line":13,"column":7}},"13":{"start":{"line":14,"column":0},"end":{"line":14,"column":19}},"14":{"start":{"line":15,"column":0},"end":{"line":15,"column":28}},"15":{"start":{"line":16,"column":0},"end":{"line":16,"column":19}},"16":{"start":{"line":17,"column":0},"end":{"line":17,"column":28}},"17":{"start":{"line":18,"column":0},"end":{"line":18,"column":59}},"18":{"start":{"line":19,"column":0},"end":{"line":19,"column":25}},"19":{"start":{"line":20,"column":0},"end":{"line":20,"column":7}},"20":{"start":{"line":21,"column":0},"end":{"line":21,"column":16}},"21":{"start":{"line":22,"column":0},"end":{"line":22,"column":12}},"22":{"start":{"line":23,"column":0},"end":{"line":23,"column":39}},"23":{"start":{"line":24,"column":0},"end":{"line":24,"column":5}},"24":{"start":{"line":25,"column":0},"end":{"line":25,"column":3}},"25":{"start":{"line":26,"column":0},"end":{"line":26,"column":26}},"26":{"start":{"line":27,"column":0},"end":{"line":27,"column":58}},"27":{"start":{"line":28,"column":0},"end":{"line":28,"column":21}},"28":{"start":{"line":29,"column":0},"end":{"line":29,"column":3}},"29":{"start":{"line":30,"column":0},"end":{"line":30,"column":13}},"30":{"start":{"line":31,"column":0},"end":{"line":31,"column":1}},"31":{"start":{"line":32,"column":0},"end":{"line":32,"column":0}},"32":{"start":{"line":33,"column":0},"end":{"line":33,"column":23}},"33":{"start":{"line":34,"column":0},"end":{"line":34,"column":19}},"34":{"start":{"line":35,"column":0},"end":{"line":35,"column":16}},"35":{"start":{"line":36,"column":0},"end":{"line":36,"column":10}},"36":{"start":{"line":37,"column":0},"end":{"line":37,"column":16}},"37":{"start":{"line":38,"column":0},"end":{"line":38,"column":3}},"38":{"start":{"line":39,"column":0},"end":{"line":39,"column":1}},"39":{"start":{"line":40,"column":0},"end":{"line":40,"column":0}},"40":{"start":{"line":41,"column":0},"end":{"line":41,"column":31}}},"s":{"0":6,"1":6,"2":6,"3":6,"4":46,"5":46,"6":22,"7":46,"8":14,"9":10,"10":3,"11":3,"12":10,"13":14,"14":24,"15":5,"16":5,"17":4,"18":3,"19":3,"20":4,"21":5,"22":1,"23":1,"24":46,"25":6,"26":9,"27":8,"28":8,"29":4,"30":4,"31":1,"32":19,"33":19,"34":4,"35":19,"36":15,"37":15,"38":19,"39":1,"40":1},"branchMap":{"0":{"type":"branch","line":1,"loc":{"start":{"line":1,"column":0},"end":{"line":31,"column":1}},"locations":[{"start":{"line":1,"column":0},"end":{"line":31,"column":1}}]},"1":{"type":"branch","line":4,"loc":{"start":{"line":4,"column":25},"end":{"line":25,"column":3}},"locations":[{"start":{"line":4,"column":25},"end":{"line":25,"column":3}}]},"2":{"type":"branch","line":6,"loc":{"start":{"line":6,"column":27},"end":{"line":8,"column":11}},"locations":[{"start":{"line":6,"column":27},"end":{"line":8,"column":11}}]},"3":{"type":"branch","line":8,"loc":{"start":{"line":8,"column":5},"end":{"line":24,"column":5}},"locations":[{"start":{"line":8,"column":5},"end":{"line":24,"column":5}}]},"4":{"type":"branch","line":8,"loc":{"start":{"line":8,"column":41},"end":{"line":15,"column":11}},"locations":[{"start":{"line":8,"column":41},"end":{"line":15,"column":11}}]},"5":{"type":"branch","line":9,"loc":{"start":{"line":9,"column":26},"end":{"line":13,"column":7}},"locations":[{"start":{"line":9,"column":26},"end":{"line":13,"column":7}}]},"6":{"type":"branch","line":10,"loc":{"start":{"line":10,"column":15},"end":{"line":10,"column":70}},"locations":[{"start":{"line":10,"column":15},"end":{"line":10,"column":70}}]},"7":{"type":"branch","line":10,"loc":{"start":{"line":10,"column":45},"end":{"line":10,"column":85}},"locations":[{"start":{"line":10,"column":45},"end":{"line":10,"column":85}}]},"8":{"type":"branch","line":10,"loc":{"start":{"line":10,"column":109},"end":{"line":10,"column":148}},"locations":[{"start":{"line":10,"column":109},"end":{"line":10,"column":148}}]},"9":{"type":"branch","line":10,"loc":{"start":{"line":10,"column":169},"end":{"line":12,"column":9}},"locations":[{"start":{"line":10,"column":169},"end":{"line":12,"column":9}}]},"10":{"type":"branch","line":15,"loc":{"start":{"line":15,"column":5},"end":{"line":24,"column":5}},"locations":[{"start":{"line":15,"column":5},"end":{"line":24,"column":5}}]},"11":{"type":"branch","line":15,"loc":{"start":{"line":15,"column":27},"end":{"line":24,"column":5}},"locations":[{"start":{"line":15,"column":27},"end":{"line":24,"column":5}}]},"12":{"type":"branch","line":17,"loc":{"start":{"line":17,"column":27},"end":{"line":22,"column":11}},"locations":[{"start":{"line":17,"column":27},"end":{"line":22,"column":11}}]},"13":{"type":"branch","line":18,"loc":{"start":{"line":18,"column":13},"end":{"line":18,"column":58}},"locations":[{"start":{"line":18,"column":13},"end":{"line":18,"column":58}}]},"14":{"type":"branch","line":18,"loc":{"start":{"line":18,"column":58},"end":{"line":20,"column":7}},"locations":[{"start":{"line":18,"column":58},"end":{"line":20,"column":7}}]},"15":{"type":"branch","line":22,"loc":{"start":{"line":22,"column":5},"end":{"line":24,"column":5}},"locations":[{"start":{"line":22,"column":5},"end":{"line":24,"column":5}}]},"16":{"type":"branch","line":26,"loc":{"start":{"line":26,"column":-1},"end":{"line":26,"column":9}},"locations":[{"start":{"line":26,"column":-1},"end":{"line":26,"column":9}}]},"17":{"type":"branch","line":26,"loc":{"start":{"line":26,"column":25},"end":{"line":29,"column":3}},"locations":[{"start":{"line":26,"column":25},"end":{"line":29,"column":3}}]},"18":{"type":"branch","line":27,"loc":{"start":{"line":27,"column":35},"end":{"line":27,"column":41}},"locations":[{"start":{"line":27,"column":35},"end":{"line":27,"column":41}}]},"19":{"type":"branch","line":27,"loc":{"start":{"line":27,"column":35},"end":{"line":29,"column":3}},"locations":[{"start":{"line":27,"column":35},"end":{"line":29,"column":3}}]},"20":{"type":"branch","line":30,"loc":{"start":{"line":30,"column":-1},"end":{"line":31,"column":1}},"locations":[{"start":{"line":30,"column":-1},"end":{"line":31,"column":1}}]},"21":{"type":"branch","line":33,"loc":{"start":{"line":33,"column":0},"end":{"line":39,"column":1}},"locations":[{"start":{"line":33,"column":0},"end":{"line":39,"column":1}}]},"22":{"type":"branch","line":34,"loc":{"start":{"line":34,"column":18},"end":{"line":36,"column":9}},"locations":[{"start":{"line":34,"column":18},"end":{"line":36,"column":9}}]},"23":{"type":"branch","line":36,"loc":{"start":{"line":36,"column":3},"end":{"line":38,"column":3}},"locations":[{"start":{"line":36,"column":3},"end":{"line":38,"column":3}}]}},"b":{"0":[6],"1":[46],"2":[22],"3":[24],"4":[14],"5":[10],"6":[9],"7":[7],"8":[2],"9":[3],"10":[10],"11":[5],"12":[4],"13":[3],"14":[3],"15":[1],"16":[5],"17":[9],"18":[1],"19":[8],"20":[4],"21":[19],"22":[4],"23":[15]},"fnMap":{"0":{"name":"toPostfix","decl":{"start":{"line":1,"column":0},"end":{"line":31,"column":1}},"loc":{"start":{"line":1,"column":0},"end":{"line":31,"column":1}},"line":1},"1":{"name":"getAssoc","decl":{"start":{"line":33,"column":0},"end":{"line":39,"column":1}},"loc":{"start":{"line":33,"column":0},"end":{"line":39,"column":1}},"line":33}},"f":{"0":6,"1":19}}
,"/Users/ulo03/Documents/Projects/Katas/7kyu/ArraySeries1.js": {"path":"/Users/ulo03/Documents/Projects/Katas/7kyu/ArraySeries1.js","all":false,"statementMap":{"0":{"start":{"line":1,"column":0},"end":{"line":1,"column":56}},"1":{"start":{"line":2,"column":0},"end":{"line":2,"column":0}},"2":{"start":{"line":3,"column":0},"end":{"line":3,"column":7}},"3":{"start":{"line":4,"column":0},"end":{"line":4,"column":111}},"4":{"start":{"line":5,"column":0},"end":{"line":5,"column":8}},"5":{"start":{"line":6,"column":0},"end":{"line":6,"column":43}},"6":{"start":{"line":7,"column":0},"end":{"line":7,"column":39}},"7":{"start":{"line":8,"column":0},"end":{"line":8,"column":27}},"8":{"start":{"line":9,"column":0},"end":{"line":9,"column":37}},"9":{"start":{"line":10,"column":0},"end":{"line":10,"column":15}},"10":{"start":{"line":11,"column":0},"end":{"line":11,"column":83}},"11":{"start":{"line":12,"column":0},"end":{"line":12,"column":45}},"12":{"start":{"line":13,"column":0},"end":{"line":13,"column":15}},"13":{"start":{"line":14,"column":0},"end":{"line":14,"column":94}},"14":{"start":{"line":15,"column":0},"end":{"line":15,"column":44}},"15":{"start":{"line":16,"column":0},"end":{"line":16,"column":15}},"16":{"start":{"line":17,"column":0},"end":{"line":17,"column":93}},"17":{"start":{"line":18,"column":0},"end":{"line":18,"column":0}},"18":{"start":{"line":19,"column":0},"end":{"line":19,"column":25}},"19":{"start":{"line":20,"column":0},"end":{"line":20,"column":132}},"20":{"start":{"line":21,"column":0},"end":{"line":21,"column":64}},"21":{"start":{"line":22,"column":0},"end":{"line":22,"column":15}},"22":{"start":{"line":23,"column":0},"end":{"line":23,"column":1}},"23":{"start":{"line":24,"column":0},"end":{"line":24,"column":0}},"24":{"start":{"line":25,"column":0},"end":{"line":25,"column":28}}},"s":{"0":1,"1":1,"2":1,"3":1,"4":1,"5":1,"6":1,"7":1,"8":1,"9":1,"10":1,"11":1,"12":1,"13":1,"14":1,"15":1,"16":1,"17":1,"18":1,"19":3,"20":3,"21":3,"22":3,"23":1,"24":1},"branchMap":{"0":{"type":"branch","line":19,"loc":{"start":{"line":19,"column":16},"end":{"line":23,"column":1}},"locations":[{"start":{"line":19,"column":16},"end":{"line":23,"column":1}}]},"1":{"type":"branch","line":21,"loc":{"start":{"line":21,"column":40},"end":{"line":21,"column":64}},"locations":[{"start":{"line":21,"column":40},"end":{"line":21,"column":64}}]},"2":{"type":"branch","line":20,"loc":{"start":{"line":20,"column":23},"end":{"line":20,"column":46}},"locations":[{"start":{"line":20,"column":23},"end":{"line":20,"column":46}}]},"3":{"type":"branch","line":20,"loc":{"start":{"line":20,"column":82},"end":{"line":20,"column":105}},"locations":[{"start":{"line":20,"column":82},"end":{"line":20,"column":105}}]}},"b":{"0":[3],"1":[9],"2":[35],"3":[15]},"fnMap":{"0":{"name":"minSum","decl":{"start":{"line":19,"column":16},"end":{"line":23,"column":1}},"loc":{"start":{"line":19,"column":16},"end":{"line":23,"column":1}},"line":19}},"f":{"0":3}}
,"/Users/ulo03/Documents/Projects/Katas/7kyu/CategorizeNewMember.js": {"path":"/Users/ulo03/Documents/Projects/Katas/7kyu/CategorizeNewMember.js","all":false,"statementMap":{"0":{"start":{"line":1,"column":0},"end":{"line":1,"column":57}},"1":{"start":{"line":2,"column":0},"end":{"line":2,"column":0}},"2":{"start":{"line":3,"column":0},"end":{"line":3,"column":87}},"3":{"start":{"line":4,"column":0},"end":{"line":4,"column":123}},"4":{"start":{"line":5,"column":0},"end":{"line":5,"column":0}},"5":{"start":{"line":6,"column":0},"end":{"line":6,"column":94}},"6":{"start":{"line":7,"column":0},"end":{"line":7,"column":101}},"7":{"start":{"line":8,"column":0},"end":{"line":8,"column":0}},"8":{"start":{"line":9,"column":0},"end":{"line":9,"column":8}},"9":{"start":{"line":10,"column":0},"end":{"line":10,"column":130}},"10":{"start":{"line":11,"column":0},"end":{"line":11,"column":99}},"11":{"start":{"line":12,"column":0},"end":{"line":12,"column":0}},"12":{"start":{"line":13,"column":0},"end":{"line":13,"column":74}},"13":{"start":{"line":14,"column":0},"end":{"line":14,"column":0}},"14":{"start":{"line":15,"column":0},"end":{"line":15,"column":16}},"15":{"start":{"line":16,"column":0},"end":{"line":16,"column":55}},"16":{"start":{"line":17,"column":0},"end":{"line":17,"column":9}},"17":{"start":{"line":18,"column":0},"end":{"line":18,"column":164}},"18":{"start":{"line":19,"column":0},"end":{"line":19,"column":0}},"19":{"start":{"line":20,"column":0},"end":{"line":20,"column":17}},"20":{"start":{"line":21,"column":0},"end":{"line":21,"column":55}},"21":{"start":{"line":22,"column":0},"end":{"line":22,"column":0}},"22":{"start":{"line":23,"column":0},"end":{"line":23,"column":28}},"23":{"start":{"line":24,"column":0},"end":{"line":24,"column":17}},"24":{"start":{"line":25,"column":0},"end":{"line":25,"column":43}},"25":{"start":{"line":26,"column":0},"end":{"line":26,"column":89}},"26":{"start":{"line":27,"column":0},"end":{"line":27,"column":5}},"27":{"start":{"line":28,"column":0},"end":{"line":28,"column":15}},"28":{"start":{"line":29,"column":0},"end":{"line":29,"column":1}},"29":{"start":{"line":30,"column":0},"end":{"line":30,"column":0}},"30":{"start":{"line":31,"column":0},"end":{"line":31,"column":32}}},"s":{"0":1,"1":1,"2":1,"3":1,"4":1,"5":1,"6":1,"7":1,"8":1,"9":1,"10":1,"11":1,"12":1,"13":1,"14":1,"15":1,"16":1,"17":1,"18":1,"19":1,"20":1,"21":1,"22":3,"23":3,"24":3,"25":12,"26":12,"27":3,"28":3,"29":1,"30":1},"branchMap":{"0":{"type":"branch","line":23,"loc":{"start":{"line":23,"column":0},"end":{"line":29,"column":1}},"locations":[{"start":{"line":23,"column":0},"end":{"line":29,"column":1}}]},"1":{"type":"branch","line":25,"loc":{"start":{"line":25,"column":42},"end":{"line":27,"column":5}},"locations":[{"start":{"line":25,"column":42},"end":{"line":27,"column":5}}]},"2":{"type":"branch","line":26,"loc":{"start":{"line":26,"column":13},"end":{"line":26,"column":51}},"locations":[{"start":{"line":26,"column":13},"end":{"line":26,"column":51}}]},"3":{"type":"branch","line":26,"loc":{"start":{"line":26,"column":12},"end":{"line":26,"column":54}},"locations":[{"start":{"line":26,"column":12},"end":{"line":26,"column":54}}]},"4":{"type":"branch","line":26,"loc":{"start":{"line":26,"column":12},"end":{"line":26,"column":75}},"locations":[{"start":{"line":26,"column":12},"end":{"line":26,"column":75}}]}},"b":{"0":[3],"1":[12],"2":[6],"3":[3],"4":[9]},"fnMap":{"0":{"name":"openOrSenior","decl":{"start":{"line":23,"column":0},"end":{"line":29,"column":1}},"loc":{"start":{"line":23,"column":0},"end":{"line":29,"column":1}},"line":23}},"f":{"0":3}}
,"/Users/ulo03/Documents/Projects/Katas/8kyu/GravityFlip.js": {"path":"/Users/ulo03/Documents/Projects/Katas/8kyu/GravityFlip.js","all":false,"statementMap":{"0":{"start":{"line":1,"column":0},"end":{"line":1,"column":74}},"1":{"start":{"line":2,"column":0},"end":{"line":2,"column":0}},"2":{"start":{"line":3,"column":0},"end":{"line":3,"column":24}},"3":{"start":{"line":4,"column":0},"end":{"line":4,"column":17}},"4":{"start":{"line":5,"column":0},"end":{"line":5,"column":24}},"5":{"start":{"line":6,"column":0},"end":{"line":6,"column":21}},"6":{"start":{"line":7,"column":0},"end":{"line":7,"column":8}},"7":{"start":{"line":8,"column":0},"end":{"line":8,"column":24}},"8":{"start":{"line":9,"column":0},"end":{"line":9,"column":21}},"9":{"start":{"line":10,"column":0},"end":{"line":10,"column":9}},"10":{"start":{"line":11,"column":0},"end":{"line":11,"column":2}},"11":{"start":{"line":12,"column":0},"end":{"line":12,"column":0}},"12":{"start":{"line":13,"column":0},"end":{"line":13,"column":26}}},"s":{"0":1,"1":1,"2":1,"3":2,"4":1,"5":5,"6":5,"7":1,"8":8,"9":8,"10":2,"11":1,"12":1},"branchMap":{"0":{"type":"branch","line":3,"loc":{"start":{"line":3,"column":13},"end":{"line":11,"column":2}},"locations":[{"start":{"line":3,"column":13},"end":{"line":11,"column":2}}]},"1":{"type":"branch","line":4,"loc":{"start":{"line":4,"column":9},"end":{"line":7,"column":8}},"locations":[{"start":{"line":4,"column":9},"end":{"line":7,"column":8}}]},"2":{"type":"branch","line":7,"loc":{"start":{"line":7,"column":7},"end":{"line":10,"column":9}},"locations":[{"start":{"line":7,"column":7},"end":{"line":10,"column":9}}]},"3":{"type":"branch","line":5,"loc":{"start":{"line":5,"column":13},"end":{"line":7,"column":8}},"locations":[{"start":{"line":5,"column":13},"end":{"line":7,"column":8}}]},"4":{"type":"branch","line":8,"loc":{"start":{"line":8,"column":13},"end":{"line":10,"column":9}},"locations":[{"start":{"line":8,"column":13},"end":{"line":10,"column":9}}]}},"b":{"0":[2],"1":[1],"2":[1],"3":[5],"4":[8]},"fnMap":{"0":{"name":"flip","decl":{"start":{"line":3,"column":13},"end":{"line":11,"column":2}},"loc":{"start":{"line":3,"column":13},"end":{"line":11,"column":2}},"line":3}},"f":{"0":2}}
,"/Users/ulo03/Documents/Projects/Katas/8kyu/KeepHydrated.js": {"path":"/Users/ulo03/Documents/Projects/Katas/8kyu/KeepHydrated.js","all":false,"statementMap":{"0":{"start":{"line":1,"column":0},"end":{"line":1,"column":56}},"1":{"start":{"line":2,"column":0},"end":{"line":2,"column":0}},"2":{"start":{"line":3,"column":0},"end":{"line":3,"column":24}},"3":{"start":{"line":4,"column":0},"end":{"line":4,"column":108}},"4":{"start":{"line":5,"column":0},"end":{"line":5,"column":128}},"5":{"start":{"line":6,"column":0},"end":{"line":6,"column":0}},"6":{"start":{"line":7,"column":0},"end":{"line":7,"column":15}},"7":{"start":{"line":8,"column":0},"end":{"line":8,"column":28}},"8":{"start":{"line":9,"column":0},"end":{"line":9,"column":28}},"9":{"start":{"line":10,"column":0},"end":{"line":10,"column":28}},"10":{"start":{"line":11,"column":0},"end":{"line":11,"column":0}},"11":{"start":{"line":12,"column":0},"end":{"line":12,"column":23}},"12":{"start":{"line":13,"column":0},"end":{"line":13,"column":32}},"13":{"start":{"line":14,"column":0},"end":{"line":14,"column":1}},"14":{"start":{"line":15,"column":0},"end":{"line":15,"column":0}},"15":{"start":{"line":16,"column":0},"end":{"line":16,"column":28}}},"s":{"0":1,"1":1,"2":1,"3":1,"4":1,"5":1,"6":1,"7":1,"8":1,"9":1,"10":1,"11":3,"12":3,"13":3,"14":1,"15":1},"branchMap":{"0":{"type":"branch","line":12,"loc":{"start":{"line":12,"column":0},"end":{"line":14,"column":1}},"locations":[{"start":{"line":12,"column":0},"end":{"line":14,"column":1}}]}},"b":{"0":[3]},"fnMap":{"0":{"name":"litres","decl":{"start":{"line":12,"column":0},"end":{"line":14,"column":1}},"loc":{"start":{"line":12,"column":0},"end":{"line":14,"column":1}},"line":12}},"f":{"0":3}}
,"/Users/ulo03/Documents/Projects/Katas/8kyu/ReturnNegative.js": {"path":"/Users/ulo03/Documents/Projects/Katas/8kyu/ReturnNegative.js","all":false,"statementMap":{"0":{"start":{"line":1,"column":0},"end":{"line":1,"column":57}},"1":{"start":{"line":2,"column":0},"end":{"line":2,"column":0}},"2":{"start":{"line":3,"column":0},"end":{"line":3,"column":28}},"3":{"start":{"line":4,"column":0},"end":{"line":4,"column":30}},"4":{"start":{"line":5,"column":0},"end":{"line":5,"column":1}},"5":{"start":{"line":6,"column":0},"end":{"line":6,"column":0}},"6":{"start":{"line":7,"column":0},"end":{"line":7,"column":34}}},"s":{"0":1,"1":1,"2":3,"3":3,"4":3,"5":1,"6":1},"branchMap":{"0":{"type":"branch","line":3,"loc":{"start":{"line":3,"column":0},"end":{"line":5,"column":1}},"locations":[{"start":{"line":3,"column":0},"end":{"line":5,"column":1}}]},"1":{"type":"branch","line":4,"loc":{"start":{"line":4,"column":9},"end":{"line":4,"column":26}},"locations":[{"start":{"line":4,"column":9},"end":{"line":4,"column":26}}]},"2":{"type":"branch","line":4,"loc":{"start":{"line":4,"column":9},"end":{"line":4,"column":30}},"locations":[{"start":{"line":4,"column":9},"end":{"line":4,"column":30}}]}},"b":{"0":[3],"1":[1],"2":[2]},"fnMap":{"0":{"name":"makeNegative","decl":{"start":{"line":3,"column":0},"end":{"line":5,"column":1}},"loc":{"start":{"line":3,"column":0},"end":{"line":5,"column":1}},"line":3}},"f":{"0":3}}
}
